#-----------------------------------------------------------
# xsim v2025.1 (64-bit)
# SW Build 6140274 on Wed May 21 22:58:25 MDT 2025
# IP Build 6138677 on Thu May 22 03:10:11 MDT 2025
# SharedData Build 6139179 on Tue May 20 17:58:58 MDT 2025
# Start of session at: Sat Sep 13 00:33:23 2025
# Process ID         : 41520
# Current directory  : /media/sohail/sohails/verilog_examples/sem2/practice/1
# Command line       : xsim -mode tcl -source {xsim.dir/work.tb/xsim_script.tcl}
# Log file           : /media/sohail/sohails/verilog_examples/sem2/practice/1/xsim.log
# Journal file       : /media/sohail/sohails/verilog_examples/sem2/practice/1/xsim.jou
# Running On         : sohail-Inspiron-3501
# Platform           : Ubuntu
# Operating System   : Ubuntu 24.04.3 LTS
# Processor Detail   : 11th Gen Intel(R) Core(TM) i5-1135G7 @ 2.40GHz
# CPU Frequency      : 3800.000 MHz
# CPU Physical cores : 4
# CPU Logical cores  : 8
# Host memory        : 8041 MB
# Swap memory        : 4294 MB
# Total Virtual      : 12336 MB
# Available Virtual  : 8128 MB
#-----------------------------------------------------------
source xsim.dir/work.tb/xsim_script.tcl
# xsim {work.tb} -autoloadwcfg -runall
Time resolution is 1 ps
run -all
Student Details Are
name sohail and number is 22
name siddique and number is 73
name updated
name badrunisa and number is 73
number upddated
name badrunisa and number is 63
exit
INFO: [Common 17-206] Exiting xsim at Sat Sep 13 00:33:26 2025...
