#-----------------------------------------------------------
# Vivado v2024.2 (64-bit)
# SW Build 5239630 on Fri Nov 08 22:34:34 MST 2024
# IP Build 5239520 on Sun Nov 10 16:12:51 MST 2024
# SharedData Build 5239561 on Fri Nov 08 14:39:27 MST 2024
# Start of session at: Fri Jun 20 10:12:57 2025
# Process ID         : 5697
# Current directory  : /media/sohail/sohails/verilog_examples/sem2/exp2
# Command line       : vivado
# Log file           : /media/sohail/sohails/verilog_examples/sem2/exp2/vivado.log
# Journal file       : /media/sohail/sohails/verilog_examples/sem2/exp2/vivado.jou
# Running On         : sohail
# Platform           : Ubuntu
# Operating System   : Ubuntu 24.04.2 LTS
# Processor Detail   : 11th Gen Intel(R) Core(TM) i5-1135G7 @ 2.40GHz
# CPU Frequency      : 580.285 MHz
# CPU Physical cores : 4
# CPU Logical cores  : 8
# Host memory        : 8040 MB
# Swap memory        : 4294 MB
# Total Virtual      : 12335 MB
# Available Virtual  : 9942 MB
#-----------------------------------------------------------
