#-----------------------------------------------------------
# xsim v2024.2 (64-bit)
# SW Build 5239630 on Fri Nov 08 22:34:34 MST 2024
# IP Build 5239520 on Sun Nov 10 16:12:51 MST 2024
# SharedData Build 5239561 on Fri Nov 08 14:39:27 MST 2024
# Start of session at: Fri Jul 11 10:55:57 2025
# Process ID         : 12048
# Current directory  : /media/sohail/sohails/verilog_examples/sem2/exp5/vlsiverify
# Command line       : xsim -mode tcl -source {xsim.dir/work.inhertiance/xsim_script.tcl}
# Log file           : /media/sohail/sohails/verilog_examples/sem2/exp5/vlsiverify/xsim.log
# Journal file       : /media/sohail/sohails/verilog_examples/sem2/exp5/vlsiverify/xsim.jou
# Running On         : sohail
# Platform           : Ubuntu
# Operating System   : Ubuntu 24.04.2 LTS
# Processor Detail   : 11th Gen Intel(R) Core(TM) i5-1135G7 @ 2.40GHz
# CPU Frequency      : 400.000 MHz
# CPU Physical cores : 4
# CPU Logical cores  : 8
# Host memory        : 8040 MB
# Swap memory        : 4294 MB
# Total Virtual      : 12335 MB
# Available Virtual  : 8431 MB
#-----------------------------------------------------------
source xsim.dir/work.inhertiance/xsim_script.tcl
# xsim {work.inhertiance} -autoloadwcfg
Time resolution is 1 ps
run
The value of address is 11
exit
INFO: [Common 17-206] Exiting xsim at Fri Jul 11 10:58:46 2025...
