#-----------------------------------------------------------
# xsim v2024.2 (64-bit)
# SW Build 5239630 on Fri Nov 08 22:34:34 MST 2024
# IP Build 5239520 on Sun Nov 10 16:12:51 MST 2024
# SharedData Build 5239561 on Fri Nov 08 14:39:27 MST 2024
# Start of session at: Sun Jul 27 12:16:59 2025
# Process ID         : 17687
# Current directory  : /media/sohail/sohails/verilog_examples/sem2/exp7
# Command line       : xsim -mode tcl -source {xsim.dir/work.module_name/xsim_script.tcl}
# Log file           : /media/sohail/sohails/verilog_examples/sem2/exp7/xsim.log
# Journal file       : /media/sohail/sohails/verilog_examples/sem2/exp7/xsim.jou
# Running On         : sohail
# Platform           : Ubuntu
# Operating System   : Ubuntu 24.04.2 LTS
# Processor Detail   : 11th Gen Intel(R) Core(TM) i5-1135G7 @ 2.40GHz
# CPU Frequency      : 3558.009 MHz
# CPU Physical cores : 4
# CPU Logical cores  : 8
# Host memory        : 8041 MB
# Swap memory        : 4294 MB
# Total Virtual      : 12336 MB
# Available Virtual  : 7897 MB
#-----------------------------------------------------------
source xsim.dir/work.module_name/xsim_script.tcl
# xsim {work.module_name} -autoloadwcfg
Time resolution is 1 ps
run
The value of a is 5 and value of b is 5
The value of a is 3 and value of b is 0
The value of a is 2 and value of b is 3
The value of a is 5 and value of b is 6
The value of a is 7 and value of b is 1
The value of a is 6 and value of b is 7
The value of a is 2 and value of b is 2
The value of a is 1 and value of b is 4
The value of a is 1 and value of b is 4
The value of a is 7 and value of b is 1
exit
INFO: [Common 17-206] Exiting xsim at Sun Jul 27 12:17:12 2025...
