#-----------------------------------------------------------
# xsim v2024.2 (64-bit)
# SW Build 5239630 on Fri Nov 08 22:34:34 MST 2024
# IP Build 5239520 on Sun Nov 10 16:12:51 MST 2024
# SharedData Build 5239561 on Fri Nov 08 14:39:27 MST 2024
# Start of session at: Fri Aug  1 11:09:37 2025
# Process ID         : 12535
# Current directory  : /media/sohail/sohails/verilog_examples/sem2/exp8/nested_fork_join
# Command line       : xsim -mode tcl -source {xsim.dir/work.module_name/xsim_script.tcl}
# Log file           : /media/sohail/sohails/verilog_examples/sem2/exp8/nested_fork_join/xsim.log
# Journal file       : /media/sohail/sohails/verilog_examples/sem2/exp8/nested_fork_join/xsim.jou
# Running On         : sohail
# Platform           : Ubuntu
# Operating System   : Ubuntu 24.04.2 LTS
# Processor Detail   : 11th Gen Intel(R) Core(TM) i5-1135G7 @ 2.40GHz
# CPU Frequency      : 3800.000 MHz
# CPU Physical cores : 4
# CPU Logical cores  : 8
# Host memory        : 8041 MB
# Swap memory        : 4294 MB
# Total Virtual      : 12336 MB
# Available Virtual  : 9228 MB
#-----------------------------------------------------------
source xsim.dir/work.module_name/xsim_script.tcl
# xsim {work.module_name} -autoloadwcfg
Time resolution is 1 ps
run -al
[0] Main Thread
[0               10000] Thread2
[0               20000] Thread1_0
[0               30000] Thread1_1
[30000] Main Thread finished
run -all
clear
WARNING: [Common 17-259] Unknown Tcl command 'clear' sending command to the OS shell for execution. It is recommended to use 'exec' to send the command to the OS shell.
run -all
run
exit
INFO: [Common 17-206] Exiting xsim at Fri Aug  1 11:10:01 2025...
