#-----------------------------------------------------------
# xsim v2024.2 (64-bit)
# SW Build 5239630 on Fri Nov 08 22:34:34 MST 2024
# IP Build 5239520 on Sun Nov 10 16:12:51 MST 2024
# SharedData Build 5239561 on Fri Nov 08 14:39:27 MST 2024
# Start of session at: Fri Jul 18 10:26:07 2025
# Process ID         : 7401
# Current directory  : /media/sohail/sohails/verilog_examples/sem2/exp6/task4
# Command line       : xsim -mode tcl -source {xsim.dir/work.module_name/xsim_script.tcl}
# Log file           : /media/sohail/sohails/verilog_examples/sem2/exp6/task4/xsim.log
# Journal file       : /media/sohail/sohails/verilog_examples/sem2/exp6/task4/xsim.jou
# Running On         : sohail
# Platform           : Ubuntu
# Operating System   : Ubuntu 24.04.2 LTS
# Processor Detail   : 11th Gen Intel(R) Core(TM) i5-1135G7 @ 2.40GHz
# CPU Frequency      : 3800.000 MHz
# CPU Physical cores : 4
# CPU Logical cores  : 8
# Host memory        : 8040 MB
# Swap memory        : 4294 MB
# Total Virtual      : 12335 MB
# Available Virtual  : 10036 MB
#-----------------------------------------------------------
source xsim.dir/work.module_name/xsim_script.tcl
# xsim {work.module_name} -autoloadwcfg
Time resolution is 1 ps
run -all
The value of data is 21 and id is $0d          1
exit
INFO: [Common 17-206] Exiting xsim at Fri Jul 18 10:26:28 2025...
